CowardSaviour/proguard/seeds.txt
com.zzia.cowardsaviour.R$color: int bg
com.zzia.cowardsaviour.R$color: int bg_gray
com.zzia.cowardsaviour.R$color: int black
com.zzia.cowardsaviour.R$color: int black2
com.zzia.cowardsaviour.R$color: int blue
com.zzia.cowardsaviour.R$color: int buttom_buttom
com.zzia.cowardsaviour.R$color: int buttom_centre
com.zzia.cowardsaviour.R$color: int buttom_top
com.zzia.cowardsaviour.R$color: int click_color
com.zzia.cowardsaviour.R$color: int coffee
com.zzia.cowardsaviour.R$color: int gray
com.zzia.cowardsaviour.R$color: int light_blue
com.zzia.cowardsaviour.R$color: int light_gray
com.zzia.cowardsaviour.R$color: int light_orange
com.zzia.cowardsaviour.R$color: int lightblue
com.zzia.cowardsaviour.R$color: int lightorange
com.zzia.cowardsaviour.R$color: int nomalGray
com.zzia.cowardsaviour.R$color: int orange
com.zzia.cowardsaviour.R$color: int orange_red
com.zzia.cowardsaviour.R$color: int red
com.zzia.cowardsaviour.R$color: int transparent
com.zzia.cowardsaviour.R$color: int transparentdarkgray
com.zzia.cowardsaviour.R$color: int transparentgray
com.zzia.cowardsaviour.R$color: int txt_blue
com.zzia.cowardsaviour.R$color: int txt_gray
com.zzia.cowardsaviour.R$color: int txt_orange
com.zzia.cowardsaviour.R$color: int white
com.zzia.cowardsaviour.R$color: int whiteGray
com.zzia.cowardsaviour.R$color: int yellow
com.zzia.cowardsaviour.R$dimen: int activity_horizontal_margin
com.zzia.cowardsaviour.R$dimen: int activity_vertical_margin
com.zzia.cowardsaviour.R$drawable: int arrow1
com.zzia.cowardsaviour.R$drawable: int bg_list_item
com.zzia.cowardsaviour.R$drawable: int czhoft_logo
com.zzia.cowardsaviour.R$drawable: int ic_launcher
com.zzia.cowardsaviour.R$drawable: int ic_logo
com.zzia.cowardsaviour.R$drawable: int ic_logo2
com.zzia.cowardsaviour.R$drawable: int ic_logo3
com.zzia.cowardsaviour.R$drawable: int ic_logo4
com.zzia.cowardsaviour.R$drawable: int ic_pulltorefresh_arrow
com.zzia.cowardsaviour.R$drawable: int info_icon_3
com.zzia.cowardsaviour.R$drawable: int kingo
com.zzia.cowardsaviour.R$drawable: int mm_title_btn_compose_normal
com.zzia.cowardsaviour.R$drawable: int mm_title_btn_focused
com.zzia.cowardsaviour.R$drawable: int mm_title_btn_keyboard_normal
com.zzia.cowardsaviour.R$drawable: int mm_title_btn_normal
com.zzia.cowardsaviour.R$drawable: int mm_title_btn_pressed
com.zzia.cowardsaviour.R$drawable: int mm_title_btn_qrcode_normal
com.zzia.cowardsaviour.R$drawable: int mm_title_btn_receiver_normal
com.zzia.cowardsaviour.R$drawable: int mm_title_functionframe_line
com.zzia.cowardsaviour.R$drawable: int mm_title_functionframe_pressed
com.zzia.cowardsaviour.R$drawable: int tab_bottom
com.zzia.cowardsaviour.R$drawable: int tab_home_btn_bg
com.zzia.cowardsaviour.R$drawable: int tab_main_about
com.zzia.cowardsaviour.R$drawable: int tab_main_about_icon_n
com.zzia.cowardsaviour.R$drawable: int tab_main_about_icon_p
com.zzia.cowardsaviour.R$drawable: int tab_main_login
...
android.support.v4.app.FragmentManagerState
android.support.v4.app.FragmentManagerState: android.os.Parcelable$Creator CREATOR
android.support.v4.app.FragmentState
android.support.v4.app.FragmentState: android.os.Parcelable$Creator CREATOR
android.support.v4.app.FragmentTabHost: void setOnTabChangedListener(android.widget.TabHost$OnTabChangeListener)
android.support.v4.app.FragmentTabHost$SavedState
android.support.v4.app.FragmentTabHost$SavedState: android.os.Parcelable$Creator CREATOR
android.support.v4.content.ModernAsyncTask$Status: android.support.v4.content.ModernAsyncTask$Status[] values()
android.support.v4.content.ModernAsyncTask$Status: android.support.v4.content.ModernAsyncTask$Status valueOf(java.lang.String)
android.support.v4.view.PagerTabStrip: void setTabIndicatorColor(int)
android.support.v4.view.PagerTabStrip: void setTabIndicatorColorResource(int)
android.support.v4.view.PagerTabStrip: int getTabIndicatorColor()
android.support.v4.view.PagerTabStrip: void setTextSpacing(int)
android.support.v4.view.PagerTabStrip: void setBackgroundDrawable(android.graphics.drawable.Drawable)
android.support.v4.view.PagerTabStrip: void setBackgroundColor(int)
android.support.v4.view.PagerTabStrip: void setBackgroundResource(int)
android.support.v4.view.PagerTabStrip: void setDrawFullUnderline(boolean)
android.support.v4.view.PagerTabStrip: boolean getDrawFullUnderline()
android.support.v4.view.PagerTabStrip: int getMinHeight()
android.support.v4.view.PagerTitleStrip: void setSingleLineAllCaps(android.widget.TextView)
android.support.v4.view.PagerTitleStrip: void setTextSpacing(int)
android.support.v4.view.PagerTitleStrip: int getTextSpacing()
android.support.v4.view.PagerTitleStrip: void setNonPrimaryAlpha(float)
android.support.v4.view.PagerTitleStrip: void setTextColor(int)
android.support.v4.view.PagerTitleStrip: void setGravity(int)
android.support.v4.view.PagerTitleStrip: int getMinHeight()
android.support.v4.view.ViewPager: void setScrollState(int)
android.support.v4.view.ViewPager: void setAdapter(android.support.v4.view.PagerAdapter)
android.support.v4.view.ViewPager: android.support.v4.view.PagerAdapter getAdapter()
android.support.v4.view.ViewPager: void setOnAdapterChangeListener(android.support.v4.view.ViewPager$OnAdapterChangeListener)
android.support.v4.view.ViewPager: int getClientWidth()
android.support.v4.view.ViewPager: void setCurrentItem(int)
android.support.v4.view.ViewPager: int getCurrentItem()
android.support.v4.view.ViewPager: void setOnPageChangeListener(android.support.v4.view.ViewPager$OnPageChangeListener)
android.support.v4.view.ViewPager: void setChildrenDrawingOrderEnabledCompat(boolean)
android.support.v4.view.ViewPager: int getOffscreenPageLimit()
android.support.v4.view.ViewPager: void setOffscreenPageLimit(int)
android.support.v4.view.ViewPager: void setPageMargin(int)
android.support.v4.view.ViewPager: int getPageMargin()
android.support.v4.view.ViewPager: void setPageMarginDrawable(android.graphics.drawable.Drawable)
android.support.v4.view.ViewPager: void setPageMarginDrawable(int)
android.support.v4.view.ViewPager: void setScrollingCacheEnabled(boolean)
android.support.v4.view.ViewPager$SavedState
android.support.v4.view.ViewPager$SavedState: android.os.Parcelable$Creator CREATOR
android.support.v4.widget.DrawerLayout: void setScrimColor(int)
android.support.v4.widget.DrawerLayout: void setDrawerListener(android.support.v4.widget.DrawerLayout$DrawerListener)
android.support.v4.widget.DrawerLayout: void setDrawerLockMode(int)
android.support.v4.widget.DrawerLayout$SavedState
android.support.v4.widget.DrawerLayout$SavedState: android.os.Parcelable$Creator CREATOR