CowardSaviour/proguard/mapping.txt
com.zzia.cowardsaviour.activity.BaseActivity -> com.zzia.cowardsaviour.activity.a:
    void onCreate(android.os.Bundle) -> onCreate
    boolean onKeyDown(int,android.view.KeyEvent) -> onKeyDown
com.zzia.cowardsaviour.activity.BaseActivity$1 -> com.zzia.cowardsaviour.activity.b:
    com.zzia.cowardsaviour.activity.BaseActivity this$0 -> a
    void onClick(android.content.DialogInterface,int) -> onClick
com.zzia.cowardsaviour.activity.BaseActivity$2 -> com.zzia.cowardsaviour.activity.c:
    com.zzia.cowardsaviour.activity.BaseActivity this$0 -> a
    void onClick(android.content.DialogInterface,int) -> onClick
com.zzia.cowardsaviour.activity.MainActivity -> com.zzia.cowardsaviour.activity.MainActivity:
    android.telephony.TelephonyManager mTm -> b
    com.zzia.cowardsaviour.common.PropertiesHelper mPropertiesHelper -> c
    com.zzia.cowardsaviour.common.SoapHelper soapHelper -> d
    android.widget.TabHost tabHost -> e
    android.content.Intent tabLoginIntent -> f
    android.content.Intent tabSigninIntent -> g
    android.content.Intent tabSettingIntent -> h
    android.content.Intent tabAboutIntent -> i
    android.widget.ImageButton ibtnLogo -> j
    android.widget.ImageButton ibtnFun -> k
    java.lang.String unString -> l
    java.lang.String pwString -> m
    java.lang.String uidString -> n
    java.lang.String imeString -> o
    java.lang.String verString -> p
    java.lang.String addString -> q
    java.lang.String memoString -> r
    java.lang.String xString -> s
    java.lang.String yString -> t
    java.lang.String serverString -> u
    java.lang.String signinString -> v
    android.os.Handler handler -> a
    void onCreate(android.os.Bundle) -> onCreate
    void InitHandler() -> c
    void initView() -> d
    void reflashTab(int) -> a
    void initData() -> e
    void initDialog() -> f
    void onLogin() -> a
    void onSignin() -> b
    void onSaveSetting(java.lang.String,java.lang.String,java.lang.String,java.lang.String,java.lang.String,java.lang.String,java.lang.String,java.lang.String,java.lang.String,java.lang.String) -> a
com.zzia.cowardsaviour.activity.MainActivity$1 -> com.zzia.cowardsaviour.activity.d:
    com.zzia.cowardsaviour.activity.MainActivity this$0 -> a
    void getSignInResult(java.lang.String,boolean) -> a
    void getLoginResult(java.lang.String,boolean) -> b
com.zzia.cowardsaviour.activity.MainActivity$2 -> com.zzia.cowardsaviour.activity.e:
    com.zzia.cowardsaviour.activity.MainActivity this$0 -> a
    void handleMessage(android.os.Message) -> handleMessage
com.zzia.cowardsaviour.activity.MainActivity$3 -> com.zzia.cowardsaviour.activity.f:
    com.zzia.cowardsaviour.activity.MainActivity this$0 -> a
    void onClick(android.view.View) -> onClick
com.zzia.cowardsaviour.activity.MainActivity$4 -> com.zzia.cowardsaviour.activity.g:
    com.zzia.cowardsaviour.activity.MainActivity this$0 -> a
    void onClick(android.view.View) -> onClick
com.zzia.cowardsaviour.activity.MainActivity$5 -> com.zzia.cowardsaviour.activity.h:
    com.zzia.cowardsaviour.activity.MainActivity this$0 -> a
    void onCheckedChanged(android.widget.RadioGroup,int) -> onCheckedChanged
com.zzia.cowardsaviour.activity.MainActivity$6 -> com.zzia.cowardsaviour.activity.i:
    com.zzia.cowardsaviour.activity.MainActivity this$0 -> a
    android.widget.EditText val$editText -> b
    void onClick(android.content.DialogInterface,int) -> onClick
com.zzia.cowardsaviour.activity.TabAboutActivity -> com.zzia.cowardsaviour.activity.TabAboutActivity:
    void onCreate(android.os.Bundle) -> onCreate
...
android.support.v4.view.ViewPager$SavedState$1 -> android.support.v4.view.aw:
    android.support.v4.view.ViewPager$SavedState createFromParcel(android.os.Parcel,java.lang.ClassLoader) -> b
    android.support.v4.view.ViewPager$SavedState[] newArray(int) -> b
    java.lang.Object[] newArray(int) -> a
    java.lang.Object createFromParcel(android.os.Parcel,java.lang.ClassLoader) -> a
android.support.v4.view.ViewPager$ViewPositionComparator -> android.support.v4.view.ax:
    int compare(android.view.View,android.view.View) -> a
    int compare(java.lang.Object,java.lang.Object) -> compare
android.support.v4.widget.DrawerLayout -> android.support.v4.widget.DrawerLayout:
    int[] LAYOUT_ATTRS -> a
    int mMinDrawerMargin -> b
    int mScrimColor -> c
    float mScrimOpacity -> d
    android.graphics.Paint mScrimPaint -> e
    android.support.v4.widget.ViewDragHelper mLeftDragger -> f
    android.support.v4.widget.ViewDragHelper mRightDragger -> g
    android.support.v4.widget.DrawerLayout$ViewDragCallback mLeftCallback -> h
    android.support.v4.widget.DrawerLayout$ViewDragCallback mRightCallback -> i
    int mDrawerState -> j
    boolean mInLayout -> k
    boolean mFirstLayout -> l
    int mLockModeLeft -> m
    int mLockModeRight -> n
    boolean mDisallowInterceptRequested -> o
    boolean mChildrenCanceledTouch -> p
    android.support.v4.widget.DrawerLayout$DrawerListener mListener -> q
    float mInitialMotionX -> r
    float mInitialMotionY -> s
    android.graphics.drawable.Drawable mShadowLeft -> t
    android.graphics.drawable.Drawable mShadowRight -> u
    void setScrimColor(int) -> setScrimColor
    void setDrawerListener(android.support.v4.widget.DrawerLayout$DrawerListener) -> setDrawerListener
    void setDrawerLockMode(int) -> setDrawerLockMode
    void setDrawerLockMode(int,int) -> a
    int getDrawerLockMode(android.view.View) -> a
    void updateDrawerState(int,int,android.view.View) -> a
    void dispatchOnDrawerClosed(android.view.View) -> b
    void dispatchOnDrawerOpened(android.view.View) -> c
android.support.v4.widget.DrawerLayout$DrawerListener -> android.support.v4.widget.a:
    void onDrawerSlide(android.view.View,float) -> a
    void onDrawerOpened(android.view.View) -> a
    void onDrawerClosed(android.view.View) -> b
    void onDrawerStateChanged(int) -> a
android.support.v4.widget.DrawerLayout$LayoutParams -> android.support.v4.widget.b:
    int gravity -> a
    float onScreen -> b
    boolean isPeeking -> c
    boolean knownOpen -> d
android.support.v4.widget.DrawerLayout$SavedState -> android.support.v4.widget.DrawerLayout$SavedState:
    int openDrawerGravity -> a
    int lockModeLeft -> b
    int lockModeRight -> c
    android.os.Parcelable$Creator CREATOR -> CREATOR
    void writeToParcel(android.os.Parcel,int) -> writeToParcel
android.support.v4.widget.DrawerLayout$SavedState$1 -> android.support.v4.widget.c:
    android.support.v4.widget.DrawerLayout$SavedState createFromParcel(android.os.Parcel) -> a
    android.support.v4.widget.DrawerLayout$SavedState[] newArray(int) -> a
    java.lang.Object[] newArray(int) -> newArray
    java.lang.Object createFromParcel(android.os.Parcel) -> createFromParcel