CowardSaviour/proguard/usage.txt
com.zzia.cowardsaviour.BuildConfig
com.zzia.cowardsaviour.R
com.zzia.cowardsaviour.R$attr
com.zzia.cowardsaviour.R$color
com.zzia.cowardsaviour.R$dimen
com.zzia.cowardsaviour.R$drawable
com.zzia.cowardsaviour.R$id
com.zzia.cowardsaviour.R$layout
com.zzia.cowardsaviour.R$menu
com.zzia.cowardsaviour.R$string
com.zzia.cowardsaviour.R$style
com.zzia.cowardsaviour.activity.MainActivity_old
com.zzia.cowardsaviour.activity.MainActivity_old$1
com.zzia.cowardsaviour.activity.MainActivity_old$2
com.zzia.cowardsaviour.activity.MainActivity_old$3
com.zzia.cowardsaviour.activity.MainActivity_old$4
com.zzia.cowardsaviour.activity.MainActivity_old$5
com.zzia.cowardsaviour.activity.TabSettingActivity:
    private java.lang.String userNameString
    181:181:private void initData()
com.zzia.cowardsaviour.common.ActivityUtil:
    13:13:public ActivityUtil()
com.zzia.cowardsaviour.common.GPSHelper:
    39:90:public void GetData()
com.zzia.cowardsaviour.common.GPSHelper$2
com.zzia.cowardsaviour.common.MediaPlayerHelper
com.zzia.cowardsaviour.common.MediaPlayerHelper$1
com.zzia.cowardsaviour.common.SoapHelper:
    private static final java.lang.String METHODNAME
    private static final java.lang.String NAMESPACE
com.zzia.cowardsaviour.view.MyExamActivity
com.zzia.cowardsaviour.view.MyExamActivity$1
com.zzia.cowardsaviour.view.MyExamActivity$1$1
com.zzia.cowardsaviour.view.MyExamActivity$2
com.zzia.cowardsaviour.view.MyExamActivity$3
com.zzia.cowardsaviour.view.MyExamActivity$MyAdatper
com.zzia.cowardsaviour.view.MyListView:
    private static final java.lang.String TAG
    private static final int RELEASE_To_REFRESH
    private static final int PULL_To_REFRESH
    private static final int REFRESHING
    private static final int DONE
    private static final int LOADING
    private static final int RATIO
    334:339:public void onRefreshComplete()
com.zzia.cowardsaviour.view.MyMessageActivity
...
android.support.v4.view.MotionEventCompat:
    public static final int ACTION_MASK
    public static final int ACTION_POINTER_DOWN
    public static final int ACTION_POINTER_UP
    public static final int ACTION_HOVER_MOVE
    public static final int ACTION_SCROLL
    public static final int ACTION_POINTER_INDEX_MASK
    public static final int ACTION_POINTER_INDEX_SHIFT
    public static final int ACTION_HOVER_ENTER
    public static final int ACTION_HOVER_EXIT
    25:80:public MotionEventCompat()
android.support.v4.view.MotionEventCompatEclair:
    24:24:MotionEventCompatEclair()
android.support.v4.view.PagerAdapter:
    public static final int POSITION_UNCHANGED
    public static final int POSITION_NONE
    78:79:public PagerAdapter()
    276:277:public void notifyDataSetChanged()
    307:307:public java.lang.CharSequence getPageTitle(int)
android.support.v4.view.PagerTabStrip
android.support.v4.view.PagerTabStrip$1
android.support.v4.view.PagerTabStrip$2
android.support.v4.view.PagerTitleStrip
android.support.v4.view.PagerTitleStrip$1
android.support.v4.view.PagerTitleStrip$PageListener
android.support.v4.view.PagerTitleStrip$PagerTitleStripImpl
android.support.v4.view.PagerTitleStrip$PagerTitleStripImplBase
android.support.v4.view.PagerTitleStrip$PagerTitleStripImplIcs
android.support.v4.view.PagerTitleStripIcs
android.support.v4.view.PagerTitleStripIcs$SingleLineAllCapsTransform
android.support.v4.view.ScaleGestureDetectorCompat
android.support.v4.view.ScaleGestureDetectorCompat$1
android.support.v4.view.ScaleGestureDetectorCompat$BaseScaleGestureDetectorImpl
android.support.v4.view.ScaleGestureDetectorCompat$ScaleGestureDetectorCompatKitKatImpl
android.support.v4.view.ScaleGestureDetectorCompat$ScaleGestureDetectorImpl
android.support.v4.view.ScaleGestureDetectorCompatKitKat
android.support.v4.view.VelocityTrackerCompat:
    25:51:public VelocityTrackerCompat()
android.support.v4.view.VelocityTrackerCompatHoneycomb:
    24:24:VelocityTrackerCompatHoneycomb()
android.support.v4.view.ViewCompat:
    public static final int OVER_SCROLL_ALWAYS
    public static final int OVER_SCROLL_IF_CONTENT_SCROLLS
    public static final int OVER_SCROLL_NEVER
    private static final long FAKE_FRAME_TIME
    public static final int IMPORTANT_FOR_ACCESSIBILITY_AUTO
    public static final int IMPORTANT_FOR_ACCESSIBILITY_YES
    public static final int IMPORTANT_FOR_ACCESSIBILITY_NO
    public static final int IMPORTANT_FOR_ACCESSIBILITY_NO_HIDE_DESCENDANTS
    public static final int ACCESSIBILITY_LIVE_REGION_NONE
    public static final int ACCESSIBILITY_LIVE_REGION_POLITE
    public static final int ACCESSIBILITY_LIVE_REGION_ASSERTIVE
    public static final int LAYER_TYPE_NONE
    public static final int LAYER_TYPE_SOFTWARE
    public static final int LAYER_TYPE_HARDWARE
    public static final int LAYOUT_DIRECTION_LTR
    public static final int LAYOUT_DIRECTION_RTL
    public static final int LAYOUT_DIRECTION_INHERIT
    public static final int LAYOUT_DIRECTION_LOCALE
    public static final int MEASURED_SIZE_MASK
    public static final int MEASURED_STATE_MASK
    public static final int MEASURED_HEIGHT_STATE_SHIFT
    public static final int MEASURED_STATE_TOO_SMALL
    34:534:public ViewCompat()
    585:585:public static boolean canScrollVertically(android.view.View,int)
    614:615:public static void setOverScrollMode(android.view.View,int)